<?xml version="1.0" encoding="UTF-8"?>
<testsuites name="jest tests" tests="3" failures="0" errors="0" time="6.54">
  <testsuite name="no-foo-variables" errors="0" failures="0" skipped="0" timestamp="2022-11-06T02:45:21" time="5.159" tests="3">
    <testcase classname="no-foo-variables valid bar" name="no-foo-variables valid bar" time="1.22">
    </testcase>
    <testcase classname="no-foo-variables valid test" name="no-foo-variables valid test" time="0.004">
    </testcase>
    <testcase classname="no-foo-variables invalid foo" name="no-foo-variables invalid foo" time="0.008">
    </testcase>
  </testsuite>
</testsuites>